<?xml version="1.0" encoding="UTF-8"?>
<testng-results ignored="0" total="2" passed="2" failed="0" skipped="0">
  <reporter-output>
  </reporter-output>
  <suite started-at="2022-02-24T17:20:59 GMT+05:30" name="Default suite" finished-at="2022-02-24T17:21:19 GMT+05:30" duration-ms="20616">
    <groups>
    </groups>
    <test started-at="2022-02-24T17:20:59 GMT+05:30" name="Default test" finished-at="2022-02-24T17:21:19 GMT+05:30" duration-ms="20616">
      <class name="pk_OrangeHRM.ExtentReport_example">
        <test-method is-config="true" signature="startReport()[pri:0, instance:pk_OrangeHRM.ExtentReport_example@290222c1]" started-at="2022-02-24T17:20:59 GMT+05:30" name="startReport" finished-at="2022-02-24T17:20:59 GMT+05:30" duration-ms="349" status="PASS">
          <reporter-output>
          </reporter-output>
        </test-method> <!-- startReport -->
        <test-method signature="LaunchApplication()[pri:1, instance:pk_OrangeHRM.ExtentReport_example@290222c1]" started-at="2022-02-24T17:20:59 GMT+05:30" name="LaunchApplication" finished-at="2022-02-24T17:21:03 GMT+05:30" duration-ms="3807" status="PASS">
          <reporter-output>
          </reporter-output>
        </test-method> <!-- LaunchApplication -->
        <test-method is-config="true" signature="getResult(org.testng.ITestResult)[pri:0, instance:pk_OrangeHRM.ExtentReport_example@290222c1]" started-at="2022-02-24T17:21:03 GMT+05:30" name="getResult" finished-at="2022-02-24T17:21:03 GMT+05:30" duration-ms="128" status="PASS">
          <params>
            <param index="0">
              <value>
                <![CDATA[[TestResult name=LaunchApplication status=SUCCESS method=ExtentReport_example.LaunchApplication()[pri:1, instance:pk_OrangeHRM.ExtentReport_example@290222c1] output={null}]]]>
              </value>
            </param>
          </params>
          <reporter-output>
          </reporter-output>
        </test-method> <!-- getResult -->
        <test-method signature="Sign_On()[pri:2, instance:pk_OrangeHRM.ExtentReport_example@290222c1]" started-at="2022-02-24T17:21:03 GMT+05:30" name="Sign_On" finished-at="2022-02-24T17:21:18 GMT+05:30" duration-ms="15147" status="PASS">
          <reporter-output>
          </reporter-output>
        </test-method> <!-- Sign_On -->
        <test-method is-config="true" signature="getResult(org.testng.ITestResult)[pri:0, instance:pk_OrangeHRM.ExtentReport_example@290222c1]" started-at="2022-02-24T17:21:18 GMT+05:30" name="getResult" finished-at="2022-02-24T17:21:18 GMT+05:30" duration-ms="155" status="PASS">
          <params>
            <param index="0">
              <value>
                <![CDATA[[TestResult name=Sign_On status=SUCCESS method=ExtentReport_example.Sign_On()[pri:2, instance:pk_OrangeHRM.ExtentReport_example@290222c1] output={null}]]]>
              </value>
            </param>
          </params>
          <reporter-output>
          </reporter-output>
        </test-method> <!-- getResult -->
        <test-method is-config="true" signature="CloseBrowser()[pri:0, instance:pk_OrangeHRM.ExtentReport_example@290222c1]" started-at="2022-02-24T17:21:18 GMT+05:30" name="CloseBrowser" finished-at="2022-02-24T17:21:19 GMT+05:30" duration-ms="990" status="PASS">
          <reporter-output>
          </reporter-output>
        </test-method> <!-- CloseBrowser -->
      </class> <!-- pk_OrangeHRM.ExtentReport_example -->
    </test> <!-- Default test -->
  </suite> <!-- Default suite -->
</testng-results>
