<?xml version="1.0" encoding="UTF-8"?>
<!-- Generated by org.testng.reporters.JUnitXMLReporter -->
<testsuite ignored="0" hostname="Automation11" failures="0" tests="1" name="EdgeTest" time="2.517" errors="0" timestamp="2022-02-21T14:37:36 GMT+05:30">
  <testcase classname="pk_OrangeHRM.OrangeHRM_Cross_Browser_Test" name="@BeforeTest LaunchBrowser" time="2.493">
    <failure type="io.github.bonigarcia.wdm.config.WebDriverManagerException" message="io.github.bonigarcia.wdm.config.WebDriverManagerException: msedgedriver 98.0.1108.56 for WIN 64 not found in https://msedgedriver.azureedge.net/">
      <![CDATA[io.github.bonigarcia.wdm.config.WebDriverManagerException: io.github.bonigarcia.wdm.config.WebDriverManagerException: msedgedriver 98.0.1108.56 for WIN 64 not found in https://msedgedriver.azureedge.net/
at io.github.bonigarcia.wdm.WebDriverManager.handleException(WebDriverManager.java:725)
at io.github.bonigarcia.wdm.WebDriverManager.manage(WebDriverManager.java:531)
at io.github.bonigarcia.wdm.WebDriverManager.handleException(WebDriverManager.java:722)
at io.github.bonigarcia.wdm.WebDriverManager.manage(WebDriverManager.java:531)
at io.github.bonigarcia.wdm.WebDriverManager.setup(WebDriverManager.java:277)
at pk_OrangeHRM.OrangeHRM_Cross_Browser_Test.LaunchBrowser(OrangeHRM_Cross_Browser_Test.java:33)
at java.base/java.util.concurrent.FutureTask.run(FutureTask.java:264)
at java.base/java.util.concurrent.ThreadPoolExecutor.runWorker(ThreadPoolExecutor.java:1136)
at java.base/java.util.concurrent.ThreadPoolExecutor$Worker.run(ThreadPoolExecutor.java:635)
at java.base/java.lang.Thread.run(Thread.java:833)
Caused by: io.github.bonigarcia.wdm.config.WebDriverManagerException: msedgedriver 98.0.1108.56 for WIN 64 not found in https://msedgedriver.azureedge.net/
at io.github.bonigarcia.wdm.WebDriverManager.noCandidateUrlFound(WebDriverManager.java:607)
at io.github.bonigarcia.wdm.WebDriverManager.createUrlHandler(WebDriverManager.java:756)
at io.github.bonigarcia.wdm.WebDriverManager.download(WebDriverManager.java:593)
at io.github.bonigarcia.wdm.WebDriverManager.manage(WebDriverManager.java:525)
... 23 more
... Removed 15 stack frames]]>
    </failure>
  </testcase> <!-- @BeforeTest LaunchBrowser -->
  <testcase classname="pk_OrangeHRM.OrangeHRM_Cross_Browser_Test" name="@AfterTest CloseBrowser" time="-1.64543445686E9">
    <skipped/>
  </testcase> <!-- @AfterTest CloseBrowser -->
  <testcase classname="pk_OrangeHRM.OrangeHRM_Cross_Browser_Test" name="Login_Validation" time="0.0">
    <skipped/>
  </testcase> <!-- Login_Validation -->
</testsuite> <!-- EdgeTest -->
